<?xml version='1.0' encoding='UTF-8'?>
<testsuite hostname="magnus-hpenvyx360convertible13ay0xxx" name="GridTest" tests="1" errors="0" failures="1" skipped="0" time="1.889" timestamp="2025-06-19T17:06:24">
          <properties>
[...]
</properties>
          <testcase classname="GridTest" name=" should pass" time="1.889">
                      <failure message="io_index=299 (0x12b) did not equal expected=300 (0x12c) (lines in GridTest.scala: 21, 14)" type="org.scalatest.exceptions.TestFailedException">org.scalatest.exceptions.TestFailedException: io_index=299 (0x12b) did not equal expected=300 (0x12c) (lines in GridTest.scala: 21, 14)
	at chiseltest.internal.TestEnvInterface.signalExpectFailure(TestEnvInterface.scala:60)
	at chiseltest.internal.TestEnvInterface.signalExpectFailure$(TestEnvInterface.scala:45)
	at GridTest.signalExpectFailure(GridTest.scala:12)
	at chiseltest.package$Utils$.expectFailed(package.scala:531)
	at chiseltest.package$Utils$.expectBits(package.scala:522)
	at chiseltest.package$testableUInt.expectInternal(package.scala:60)
	at chiseltest.package$testableUInt.expect(package.scala:63)
	at GridTest.$anonfun$new$3(GridTest.scala:21)
	at GridTest.$anonfun$new$3$adapted(GridTest.scala:14)
	at chiseltest.internal.GenericBackend.$anonfun$run$1(GenericBackend.scala:170)
	at chiseltest.internal.ThreadedBackend$TesterThread$$anon$1.$anonfun$run$1(ThreadedBackend.scala:495)
	at chiseltest.internal.GenericBackend.doTimescope(GenericBackend.scala:104)
	at chiseltest.internal.ThreadedBackend$TesterThread$$anon$1.run(ThreadedBackend.scala:495)
	at java.base/java.lang.Thread.run(Thread.java:1583)
Caused by: chiseltest.internal.FailedExpectException: io_index=299 (0x12b) did not equal expected=300 (0x12c) (lines in GridTest.scala: 21, 14)
	... 14 more
</failure>
                    </testcase>
          <system-out><![CDATA[]]></system-out>
          <system-err><![CDATA[]]></system-err>
        </testsuite>