[0m[[0m[0mdebug[0m] [0m[0mRunning TaskDef(CollisionTester, org.scalatest.tools.Framework$$anon$1@7186e127, false, [SuiteSelector])[0m
[0m[[0m[0minfo[0m] [0m[0m[32mCollisionTester:[0m[0m
[0m[[0m[0minfo[0m] [0m[0m[32mCollisionTester[0m[0m
[0m[[0m[0minfo[0m] [0m[0m[31m- should pass *** FAILED ***[0m[0m
[0m[[0m[0minfo[0m] [0m[0m[31m  io_collisionDetails_2=true (1, 0x1) did not equal expected=false (0, 0x0) (lines in CollisionTester.scala: 66, 14) (CollisionTester.scala:66)[0m[0m
[0m[[0m[0minfo[0m] [0m[0m[36mRun completed in 3 seconds, 390 milliseconds.[0m[0m
[0m[[0m[0minfo[0m] [0m[0m[36mTotal number of tests run: 1[0m[0m
[0m[[0m[0minfo[0m] [0m[0m[36mSuites: completed 1, aborted 0[0m[0m
[0m[[0m[0minfo[0m] [0m[0m[36mTests: succeeded 0, failed 1, canceled 0, ignored 0, pending 0[0m[0m
[0m[[0m[0minfo[0m] [0m[0m[31m*** 1 TEST FAILED ***[0m[0m
[0m[[0m[31merror[0m] [0m[0mFailed tests:[0m
[0m[[0m[31merror[0m] [0m[0m	CollisionTester[0m
[0m[[0m[31merror[0m] [0m[0m(Test / [31mtestOnly[0m) sbt.TestsFailedException: Tests unsuccessful[0m
